[2026-04-19T11:01:12] OVEN_IN slot=43 item="Cheese" order=ORD-E106C13C
[2026-04-19T11:01:40Z] OVEN_IN slot=47 item="Sausage" order=ORD-E106C13C
[2026-04-19T11:02:32Z] OVEN_IN slot=46 item="Supreme" order=ORD-E106C13C
[2026-04-19T11:02:57] OVEN_IN slot=25 item="Cheese" order=ORD-E106C13C
[2026-04-19T11:03:22Z] OVEN_IN slot=3 item="Cheese" order=ORD-53BC78C0
[2026-04-19T11:04:02Z] OVEN_IN slot=20 item="Meat Lovers" order=ORD-53BC78C0
[2026-04-19T11:04:28] OVEN_IN slot=46 item="Sausage" order=ORD-53BC78C0
[2026-04-19T11:05:14] OVEN_IN slot=3 item="Veggie" order=ORD-53BC78C0
[2026-04-19T11:05:42Z] OVEN_IN slot=20 item="Pepperoni" order=ORD-53BC78C0
[2026-04-19T11:06:10Z] OVEN_IN slot=3 item="Pepperoni" order=ORD-53BC78C0
[2026-04-19T11:06:32] OVEN_IN slot=41 item="Chz" order=ORD-E5B0052E
[2026-04-19T11:07:10Z] OVEN_IN slot=22 item="Custom Pizza" order=ORD-E5B0052E
[2026-04-19T11:07:54Z] OVEN_IN slot=27 item="Cust" order=ORD-E5B0052E
[2026-04-19T11:08:28] OVEN_IN slot=44 item="Custom Pizza" order=ORD-E5B0052E
[2026-04-19T11:08:54] OVEN_IN slot=46 item="Cheese" order=ORD-E5B0052E
[2026-04-19T11:09:14] OVEN_OUT slot=10 item="Cheese" order=ORD-E106C13C
[2026-04-19T11:09:20] OVEN_IN slot=37 item="Pepperoni" order=ORD-DE20FBBA
[2026-04-19T11:09:41Z] OVEN_OUT slot=13 item="Ssg" order=ORD-E106C13C
[2026-04-19T11:10:00Z] OVEN_IN slot=38 item="Meat Lovers" order=ORD-DE20FBBA
[2026-04-19T11:10:24Z] OVEN_IN slot=21 item="Cheese" order=ORD-DE20FBBA
[2026-04-19T11:10:34Z] OVEN_OUT slot=35 item="Supreme" order=ORD-E106C13C
[2026-04-19T11:10:58Z] OVEN_OUT slot=19 item="Cheese" order=ORD-E106C13C
[2026-04-19T11:11:17Z] OVEN_IN slot=9 item="Supreme" order=ORD-DE20FBBA
[2026-04-19T11:11:23Z] OVEN_OUT slot=3 item="Chz" order=ORD-53BC78C0
[2026-04-19T11:11:44Z] OVEN_IN slot=37 item="Pepperoni" order=ORD-DE20FBBA
[2026-04-19T11:12:02Z] OVEN_OUT slot=8 item="Meat Lovers" order=ORD-53BC78C0
[2026-04-19T11:12:08] OVEN_IN slot=32 item="Custom Pizza" order=ORD-DE20FBBA
[2026-04-19T11:12:28Z] OVEN_OUT slot=36 item="Ssg" order=ORD-53BC78C0
[2026-04-19T11:12:34Z] OVEN_IN slot=32 item="Cheese" order=ORD-B0AB7E3F
[2026-04-19T11:13:08] OVEN_IN slot=41 item="Cust" order=ORD-B0AB7E3F
[2026-04-19T11:13:17Z] OVEN_OUT slot=38 item="Veggie" order=ORD-53BC78C0
[2026-04-19T11:13:39] OVEN_IN slot=2 item="Sausage" order=ORD-B0AB7E3F
[2026-04-19T11:13:45Z] OVEN_OUT slot=37 item="Pepperoni" order=ORD-53BC78C0
[2026-04-19T11:14:13Z] OVEN_OUT slot=11 item="Pepperoni" order=ORD-53BC78C0
[2026-04-19T11:14:17] OVEN_IN slot=48 item="Meat Lovers" order=ORD-B0AB7E3F
[2026-04-19T11:14:35Z] OVEN_OUT slot=36 item="Chz" order=ORD-E5B0052E
[2026-04-19T11:14:41Z] OVEN_IN slot=18 item="Cheese" order=ORD-C1F0730F
[2026-04-19T11:15:11Z] OVEN_OUT slot=6 item="Custom Pizza" order=ORD-E5B0052E
[2026-04-19T11:15:33Z] OVEN_IN slot=6 item="Custom Pizza" order=ORD-F429879D
[2026-04-19T11:15:58] OVEN_OUT slot=39 item="Custom Pizza" order=ORD-E5B0052E
[2026-04-19T11:16:01] OVEN_IN slot=14 item="Sausage" order=ORD-F429879D
[2026-04-19T11:16:29Z] OVEN_OUT slot=13 item="Custom Pizza" order=ORD-E5B0052E
[2026-04-19T11:16:41] OVEN_IN slot=18 item="Custom Pizza" order=ORD-F429879D
[2026-04-19T11:16:57Z] OVEN_OUT slot=30 item="Cheese" order=ORD-E5B0052E
[2026-04-19T11:17:09Z] OVEN_IN slot=15 item="Pep" order=ORD-F429879D
[2026-04-19T11:17:21Z] OVEN_OUT slot=22 item="Pepperoni" order=ORD-DE20FBBA
[2026-04-19T11:17:37Z] OVEN_IN slot=35 item="Custom Pizza" order=ORD-F429879D
[2026-04-19T11:18:01] OVEN_IN slot=2 item="Cust" order=ORD-F429879D
[2026-04-19T11:18:01] OVEN_OUT slot=33 item="Meat Lovers" order=ORD-DE20FBBA
[2026-04-19T11:18:26Z] OVEN_OUT slot=11 item="Cheese" order=ORD-DE20FBBA
[2026-04-19T11:18:52Z] OVEN_IN slot=5 item="Supreme" order=ORD-40414914
[2026-04-19T11:19:19] OVEN_OUT slot=5 item="Supreme" order=ORD-DE20FBBA
[2026-04-19T11:19:37] OVEN_IN ▒█▓█ERROR▒▒▓█
[2026-04-19T11:19:46Z] OVEN_OUT slot=1 item="Pepperoni" order=ORD-DE20FBBA
[2026-04-19T11:20:05Z] OVEN_IN slot=18 item="Pepperoni" order=ORD-E2D1B0D8
[2026-04-19T11:20:11] OVEN_OUT slot=39 item="Custom Pizza" order=ORD-DE20FBBA
[2026-04-19T11:20:32] OVEN_IN slot=40 item="Pepperoni" order=ORD-E2D1B0D8
[2026-04-19T11:20:35Z] OVEN_OUT slot=29 item="Cheese" order=ORD-B0AB7E3F
[2026-04-19T11:21:09Z] OVEN_OUT slot=12 item="Custom Pizza" order=ORD-B0AB7E3F
[2026-04-19T11:21:12] OVEN_IN slot=13 item="Meat Lovers" order=ORD-8BDD1CEC
[2026-04-19T11:21:41] OVEN_OUT slot=41 item="Sausage" order=ORD-B0AB7E3F
[2026-04-19T11:21:54Z] OVEN_IN slot=37 item="Meat Lovers" order=ORD-8BDD1CEC
[2026-04-19T11:22:20] OVEN_OUT slot=44 item="Meat Lovers" order=ORD-B0AB7E3F
[2026-04-19T11:22:27] OVEN_IN slot=20 item="Custom Pizza" order=ORD-8BDD1CEC
[2026-04-19T11:22:42Z] OVEN_OUT slot=46 item="Cheese" order=ORD-C1F0730F
[2026-04-19T11:23:06Z] OVEN_IN slot=35 item="Custom Pizza" order=ORD-3CB9DB0D
[2026-04-19T11:23:35Z] OVEN_IN slot=3 item="Cust" order=ORD-3CB9DB0D
[2026-04-19T11:23:35] OVEN_OUT slot=1 item="Custom Pizza" order=ORD-F429879D
[2026-04-19T11:24:02Z] OVEN_OUT slot=12 item="Ssg" order=ORD-F429879D
[2026-04-19T11:24:15] OVEN_IN slot=12 item="Meat Lovers" order=ORD-3CB9DB0D
[2026-04-19T11:24:43Z] OVEN_OUT slot=15 item="Custom Pizza" order=ORD-F429879D
[2026-04-19T11:25:04Z] OVEN_IN slot=41 item="Supreme" order=ORD-D3EAE85A
[2026-04-19T11:25:10] OVEN_OUT slot=1 item="Pepperoni" order=ORD-F429879D
[2026-04-19T11:25:35Z] OVEN_IN slot=9 item="Ssg" order=ORD-D3EAE85A
[2026-04-19T11:25:38Z] OVEN_OUT slot=12 item="Custom Pizza" order=ORD-F429879D
[2026-04-19T11:26:02Z] OVEN_IN slot=40 item="Sausage" order=ORD-D3EAE85A
[2026-04-19T11:26:02] OVEN_OUT slot=45 item="Custom Pizza" order=ORD-F429879D
[2026-04-19T11:26:39] OVEN_IN slot=7 item="Custom Pizza" order=ORD-D3EAE85A
[2026-04-19T11:26:52Z] OVEN_OUT slot=32 item="Supreme" order=ORD-40414914
[2026-04-19T11:27:02] OVEN_IN slot=30 item="Custom Pizza" order=ORD-D3EAE85A
[2026-04-19T11:27:39Z] OVEN_OUT slot=37 item="Veggie" order=ORD-40414914
[2026-04-19T11:27:52Z] OVEN_IN slot=31 item="Custom Pizza" order=ORD-500EF402
[2026-04-19T11:28:07Z] OVEN_OUT slot=19 item="Pepperoni" order=ORD-E2D1B0D8
[2026-04-19T11:28:19] OVEN_IN slot=13 item="Cust" order=ORD-500EF402
[2026-04-19T11:28:34Z] OVEN_OUT slot=42 item="Pepperoni" order=ORD-E2D1B0D8
[2026-04-19T11:29:11Z] OVEN_IN slot=11 item="Custom Pizza" order=ORD-7D2FF230
[2026-04-19T11:29:14Z] OVEN_OUT slot=27 item="Meat Lovers" order=ORD-8BDD1CEC
[2026-04-19T11:29:54] OVEN_IN slot=4 item="Veggie" order=ORD-7D2FF230
[2026-04-19T11:29:54Z] OVEN_OUT slot=45 item="Meat Lovers" order=ORD-8BDD1CEC
[2026-04-19T11:30:28] OVEN_OUT slot=25 item="Custom Pizza" order=ORD-8BDD1CEC
[2026-04-19T11:30:46Z] OVEN_IN slot=25 item="Custom Pizza" order=ORD-7D2FF230
[2026-04-19T11:31:09] OVEN_OUT slot=32 item="Custom Pizza" order=ORD-3CB9DB0D
[2026-04-19T11:31:12] OVEN_IN slot=40 item="Ssg" order=ORD-7D2FF230
[2026-04-19T11:31:36] OVEN_OUT slot=5 item="Custom Pizza" order=ORD-3CB9DB0D
[2026-04-19T11:31:58Z] OVEN_IN slot=4 item="Veggie" order=ORD-7D2FF230
[2026-04-19T11:32:17Z] OVEN_OUT slot=6 item="Meat Lovers" order=ORD-3CB9DB0D
[2026-04-19T11:32:20Z] OVEN_IN slot=24 item="Cheese" order=ORD-7D2FF230
[2026-04-19T11:33:01Z] OVEN_IN slot=18 item="Meat Lovers" order=ORD-CA87E6CE
[2026-04-19T11:33:07Z] OVEN_OUT slot=26 item="Supreme" order=ORD-D3EAE85A
[2026-04-19T11:33:36] OVEN_IN slot=33 item="Cust" order=ORD-CA87E6CE
[2026-04-19T11:33:36Z] OVEN_OUT slot=8 item="Ssg" order=ORD-D3EAE85A
[2026-04-19T11:34:03Z] OVEN_OUT slot=33 item="Sausage" order=ORD-D3EAE85A
[2026-04-19T11:34:22] OVEN_IN slot=10 item="Veggie" order=ORD-CA87E6CE
[2026-04-19T11:34:40Z] OVEN_OUT slot=45 item="Custom Pizza" order=ORD-D3EAE85A
[2026-04-19T11:34:49Z] OVEN_IN slot=17 item="Pepperoni" order=ORD-CA87E6CE
[2026-04-19T11:35:05Z] OVEN_OUT slot=8 item="Custom Pizza" order=ORD-D3EAE85A
[2026-04-19T11:35:14Z] OVEN_IN slot=45 item="Cheese" order=ORD-CA87E6CE
[2026-04-19T11:35:41Z] OVEN_IN slot=21 item="Pepperoni" order=ORD-1C1E46DA
[2026-04-19T11:35:53] OVEN_OUT slot=15 item="Custom Pizza" order=ORD-500EF402
[2026-04-19T11:36:21Z] OVEN_OUT slot=10 item="Custom Pizza" order=ORD-500EF402
[2026-04-19T11:36:24] OVEN_IN slot=26 item="Veggie" order=ORD-1C1E46DA
[2026-04-19T11:36:55Z] OVEN_IN slot=36 item="Ssg" order=ORD-B6010341
[2026-04-19T11:37:13] OVEN_OUT slot=41 item="Custom Pizza" order=ORD-7D2FF230
[2026-04-19T11:37:20] OVEN_IN slot=2 item="Sausage" order=ORD-B6010341
[2026-04-19T11:37:50Z] OVEN_IN slot=17 item="Pepperoni" order=ORD-B6010341
[2026-04-19T11:37:56] OVEN_OUT slot=22 item="Veg" order=ORD-7D2FF230
[2026-04-19T11:38:18Z] OVEN_IN slot=29 item="Pepperoni" order=ORD-B6010341
[2026-04-19T11:38:45Z] OVEN_IN slot=42 item="Pep" order=ORD-DFDE8A73
[2026-04-19T11:38:49Z] OVEN_OUT slot=37 item="Custom Pizza" order=ORD-7D2FF230
[2026-04-19T11:39:13Z] OVEN_OUT slot=29 item="Sausage" order=ORD-7D2FF230
[2026-04-19T11:39:26Z] OVEN_IN slot=42 item="ML" order=ORD-DFDE8A73
[2026-04-19T11:40:00Z] OVEN_OUT slot=17 item="Veggie" order=ORD-7D2FF230
[2026-04-19T11:40:18] OVEN_IN slot=36 item="Supreme" order=ORD-DFDE8A73
[2026-04-19T11:40:21Z] OVEN_OUT slot=33 item="Cheese" order=ORD-7D2FF230
[2026-04-19T11:41:01] OVEN_OUT slot=32 item="ML" order=ORD-CA87E6CE
[2026-04-19T11:41:10] OVEN_IN slot=33 item="Supr" order=ORD-DFDE8A73
[2026-04-19T11:41:37Z] OVEN_OUT slot=49 item="Custom Pizza" order=ORD-CA87E6CE
[2026-04-19T11:42:02Z] OVEN_IN slot=16 item="Supreme" order=ORD-DFDE8A73
[2026-04-19T11:42:24] OVEN_OUT slot=15 item="Veg" order=ORD-CA87E6CE
[2026-04-19T11:42:45] OVEN_IN slot=41 item="Veg" order=ORD-FAFB9660
[2026-04-19T11:42:51] OVEN_OUT slot=48 item="Pepperoni" order=ORD-CA87E6CE
[2026-04-19T11:43:15Z] OVEN_OUT slot=30 item="Cheese" order=ORD-CA87E6CE
[2026-04-19T11:43:36Z] OVEN_IN slot=19 item="Custom Pizza" order=ORD-FAFB9660
[2026-04-19T11:43:42Z] OVEN_OUT slot=24 item="Pepperoni" order=ORD-1C1E46DA
[2026-04-19T11:44:04Z] OVEN_IN slot=15 item="Pepperoni" order=ORD-FAFB9660
[2026-04-19T11:44:26] OVEN_OUT slot=7 item="Veggie" order=ORD-1C1E46DA
[2026-04-19T11:44:57Z] OVEN_IN slot=47 item="Cust" order=ORD-FAFB9660
[2026-04-19T11:44:57Z] OVEN_OUT slot=37 item="Ssg" order=ORD-B6010341
[2026-04-19T11:45:20Z] OVEN_OUT slot=32 item="Sausage" order=ORD-B6010341
[2026-04-19T11:45:39Z] OVEN_IN slot=30 item="Meat Lovers" order=ORD-622D7D80
[2026-04-19T11:45:51Z] OVEN_OUT slot=9 item="Pep" order=ORD-B6010341
[2026-04-19T11:46:05Z] OVEN_IN slot=19 item="Custom Pizza" order=ORD-622D7D80
[2026-04-19T11:46:20] OVEN_OUT slot=15 item="Pepperoni" order=ORD-B6010341
[2026-04-19T11:46:38] OVEN_IN slot=23 item="Custom Pizza" order=ORD-622D7D80
[2026-04-19T11:46:49Z] OVEN_OUT slot=24 item="Pepperoni" order=ORD-DFDE8A73
[2026-04-19T11:47:18] OVEN_IN slot=15 item="ML" order=ORD-622D7D80
[2026-04-19T11:47:27Z] OVEN_OUT slot=38 item="ML" order=ORD-DFDE8A73
[2026-04-19T11:47:44Z] OVEN_IN slot=1 item="Sausage" order=ORD-921F515B
[2026-04-19T11:48:18] OVEN_IN slot=43 item="Custom Pizza" order=ORD-921F515B
[2026-04-19T11:48:21] OVEN_OUT slot=4 item="Supreme" order=ORD-DFDE8A73
[2026-04-19T11:48:56] OVEN_IN slot=33 item="ML" order=ORD-921F515B
[2026-04-19T11:49:11Z] OVEN_OUT slot=24 item="Supreme" order=ORD-DFDE8A73
[2026-04-19T11:49:42] OVEN_IN slot=24 item="Veggie" order=ORD-921F515B
[2026-04-19T11:50:04Z] OVEN_OUT slot=27 item="Supreme" order=ORD-DFDE8A73
[2026-04-19T11:50:32] OVEN_IN slot=34 item="Supreme" order=ORD-921F515B
[2026-04-19T11:50:47Z] OVEN_OUT slot=41 item="Veggie" order=ORD-FAFB9660
[2026-04-19T11:51:13Z] OVEN_IN slot=35 item="Meat Lovers" order=ORD-5291F89D
[2026-04-19T11:51:37Z] OVEN_OUT slot=44 item="Custom Pizza" order=ORD-FAFB9660
[2026-04-19T11:51:59Z] OVEN_IN slot=23 item="Veg" order=ORD-5291F89D
[2026-04-19T11:52:05] OVEN_OUT slot=42 item="Pepperoni" order=ORD-FAFB9660
[2026-04-19T11:52:50Z] OVEN_IN slot=44 item="Supr" order=ORD-584345CA
[2026-04-19T11:52:59] OVEN_OUT slot=39 item="Cust" order=ORD-FAFB9660
[2026-04-19T11:53:30Z] OVEN_IN slot=2 item="ML" order=ORD-4BEC9182
[2026-04-19T11:53:39Z] OVEN_OUT ▒▓▓▒ERROR▒█▒▒
[2026-04-19T11:54:06Z] OVEN_OUT slot=13 item="Custom Pizza" order=ORD-622D7D80
[2026-04-19T11:54:12Z] OVEN_IN slot=2 item="Veggie" order=ORD-4BEC9182
[2026-04-19T11:54:40Z] OVEN_OUT slot=31 item="Custom Pizza" order=ORD-622D7D80
[2026-04-19T11:55:04] OVEN_IN slot=13 item="Supreme" order=ORD-4BEC9182
[2026-04-19T11:55:19] OVEN_OUT slot=47 item="Meat Lovers" order=ORD-622D7D80
[2026-04-19T11:55:46Z] OVEN_OUT slot=3 item="Ssg" order=ORD-921F515B
[2026-04-19T11:55:59Z] OVEN_IN slot=32 item="Supr" order=ORD-4BEC9182
[2026-04-19T11:56:20] OVEN_OUT slot=45 item="Custom Pizza" order=ORD-921F515B
[2026-04-19T11:56:26Z] OVEN_IN slot=12 item="Ssg" order=ORD-4BEC9182
[2026-04-19T11:56:58Z] OVEN_OUT slot=23 item="Meat Lovers" order=ORD-921F515B
[2026-04-19T11:57:04] OVEN_IN slot=8 item="Meat Lovers" order=ORD-92BBAE72
[2026-04-19T11:57:44] OVEN_OUT slot=27 item="Veggie" order=ORD-921F515B
[2026-04-19T11:57:51Z] OVEN_IN slot=46 item="Veggie" order=ORD-92BBAE72
[2026-04-19T11:58:34Z] OVEN_OUT slot=42 item="Supreme" order=ORD-921F515B
[2026-04-19T11:58:41Z] OVEN_IN slot=27 item="Supreme" order=ORD-EBBBE6CF
[2026-04-19T11:59:15Z] OVEN_OUT slot=17 item="ML" order=ORD-5291F89D
[2026-04-19T11:59:25] OVEN_IN slot=32 item="Veggie" order=ORD-EBBBE6CF
[2026-04-19T12:00:01Z] OVEN_OUT slot=42 item="Veggie" order=ORD-5291F89D
[2026-04-19T12:00:04Z] OVEN_IN slot=39 item="ML" order=ORD-EBBBE6CF
[2026-04-19T12:00:53] OVEN_OUT slot=4 item="Supreme" order=ORD-584345CA
[2026-04-19T12:00:56] OVEN_IN slot=13 item="Supreme" order=ORD-EBBBE6CF
[2026-04-19T12:01:30] OVEN_OUT slot=16 item="Meat Lovers" order=ORD-4BEC9182
[2026-04-19T12:01:49Z] OVEN_IN slot=32 item="Supreme" order=ORD-EBBBE6CF
[2026-04-19T12:02:14] OVEN_OUT slot=43 item="Veggie" order=ORD-4BEC9182
[2026-04-19T12:02:41] OVEN_IN slot=11 item="Supreme" order=ORD-C32299EC
[2026-04-19T12:03:06] OVEN_OUT slot=49 item="Supreme" order=ORD-4BEC9182
[2026-04-19T12:03:09] OVEN_IN slot=5 item="Custom Pizza" order=ORD-C32299EC
[2026-04-19T12:03:34Z] OVEN_IN slot=47 item="Custom Pizza" order=ORD-C32299EC
[2026-04-19T12:04:00Z] OVEN_OUT slot=27 item="Supreme" order=ORD-4BEC9182
[2026-04-19T12:04:25Z] OVEN_IN slot=41 item="Supreme" order=ORD-C32299EC
[2026-04-19T12:04:28Z] OVEN_OUT slot=17 item="Sausage" order=ORD-4BEC9182
[2026-04-19T12:05:05] OVEN_OUT slot=17 item="Meat Lovers" order=ORD-92BBAE72
[2026-04-19T12:05:14Z] OVEN_IN slot=26 item="Cust" order=ORD-C32299EC
[2026-04-19T12:05:54Z] OVEN_OUT slot=7 item="Veggie" order=ORD-92BBAE72
[2026-04-19T12:06:00Z] OVEN_IN slot=27 item="Custom Pizza" order=ORD-C32299EC
[2026-04-19T12:06:38Z] OVEN_IN slot=4 item="Custom Pizza" order=ORD-D5D647BC
[2026-04-19T12:06:42] OVEN_OUT slot=11 item="Supreme" order=ORD-EBBBE6CF
[2026-04-19T12:07:22] OVEN_IN slot=50 item="Custom Pizza" order=ORD-14A93F43
[2026-04-19T12:07:27] OVEN_OUT slot=4 item="Veggie" order=ORD-EBBBE6CF
[2026-04-19T12:08:08Z] OVEN_OUT slot=37 item="Meat Lovers" order=ORD-EBBBE6CF
[2026-04-19T12:08:14Z] OVEN_IN slot=28 item="Custom Pizza" order=ORD-14A93F43
[2026-04-19T12:08:54] OVEN_IN slot=24 item="Meat Lovers" order=ORD-14A93F43
[2026-04-19T12:08:57Z] OVEN_OUT slot=45 item="Supreme" order=ORD-EBBBE6CF
[2026-04-19T12:09:16] OVEN_IN slot=19 item="Cheese" order=ORD-14A93F43
[2026-04-19T12:09:49Z] OVEN_OUT slot=31 item="Supr" order=ORD-EBBBE6CF
[2026-04-19T12:10:01Z] OVEN_IN slot=13 item="Custom Pizza" order=ORD-14A93F43
[2026-04-19T12:10:24] OVEN_IN slot=23 item="Cheese" order=ORD-14A93F43
[2026-04-19T12:10:42] OVEN_OUT slot=5 item="Supreme" order=ORD-C32299EC
[2026-04-19T12:11:04Z] OVEN_IN slot=17 item="Meat Lovers" order=ORD-0D231F01
[2026-04-19T12:11:10Z] OVEN_OUT slot=36 item="Custom Pizza" order=ORD-C32299EC
[2026-04-19T12:11:35Z] OVEN_IN slot=15 item="Ssg" order=ORD-0D231F01
[2026-04-19T12:11:35Z] OVEN_OUT slot=34 item="Cust" order=ORD-C32299EC
[2026-04-19T12:11:56] OVEN_IN slot=45 item="Custom Pizza" order=ORD-0D231F01
[2026-04-19T12:12:25Z] OVEN_IN slot=7 item="Custom Pizza" order=ORD-0D231F01
[2026-04-19T12:12:25Z] OVEN_OUT slot=33 item="Supreme" order=ORD-C32299EC
[2026-04-19T12:13:16Z] OVEN_IN slot=19 item="Custom Pizza" order=ORD-0D231F01
[2026-04-19T12:13:16] OVEN_OUT slot=20 item="Custom Pizza" order=ORD-C32299EC
[2026-04-19T12:13:41Z] OVEN_IN slot=9 item="Cheese" order=ORD-E60F3143
[2026-04-19T12:14:02] OVEN_OUT slot=13 item="Custom Pizza" order=ORD-C32299EC
[2026-04-19T12:14:05Z] OVEN_IN slot=41 item="Custom Pizza" order=ORD-E60F3143
[2026-04-19T12:14:40] OVEN_OUT slot=28 item="Cust" order=ORD-D5D647BC
[2026-04-19T12:14:46Z] OVEN_IN slot=49 item="Meat Lovers" order=ORD-E60F3143
[2026-04-19T12:15:14Z] OVEN_IN slot=3 item="Pepperoni" order=ORD-E60F3143
[2026-04-19T12:15:23] OVEN_OUT slot=28 item="Custom Pizza" order=ORD-14A93F43
[2026-04-19T12:15:41Z] OVEN_IN slot=49 item="Custom Pizza" order=ORD-A96F2119
[2026-04-19T12:16:05Z] OVEN_IN slot=6 item="Cheese" order=ORD-A96F2119
[2026-04-19T12:16:17Z] OVEN_OUT slot=21 item="Cust" order=ORD-14A93F43
[2026-04-19T12:16:55Z] OVEN_IN slot=46 item="Custom Pizza" order=ORD-A96F2119
[2026-04-19T12:16:55Z] OVEN_OUT slot=18 item="Meat Lovers" order=ORD-14A93F43
[2026-04-19T12:17:17] OVEN_OUT slot=47 item="Cheese" order=ORD-14A93F43
[2026-04-19T12:17:32] OVEN_IN slot=10 item="Cust" order=ORD-A96F2119
[2026-04-19T12:18:00Z] OVEN_IN slot=4 item="Ssg" order=ORD-A28C9852
[2026-04-19T12:18:04Z] OVEN_OUT slot=16 item="Custom Pizza" order=ORD-14A93F43
[2026-04-19T12:18:25] OVEN_IN slot=35 item="Ssg" order=ORD-A28C9852
[2026-04-19T12:18:25Z] OVEN_OUT slot=46 item="Cheese" order=ORD-14A93F43
[2026-04-19T12:18:54Z] OVEN_IN slot=26 item="Pepperoni" order=ORD-A28C9852
[2026-04-19T12:19:06Z] OVEN_OUT slot=45 item="Meat Lovers" order=ORD-0D231F01
[2026-04-19T12:19:37] OVEN_OUT slot=21 item="Sausage" order=ORD-0D231F01
[2026-04-19T12:19:44] OVEN_IN slot=36 item="Supreme" order=ORD-0B01E763
[2026-04-19T12:19:57Z] OVEN_OUT slot=11 item="Custom Pizza" order=ORD-0D231F01
[2026-04-19T12:20:12Z] OVEN_IN slot=32 item="Sausage" order=ORD-0B01E763
[2026-04-19T12:20:27Z] OVEN_OUT slot=29 item="Cust" order=ORD-0D231F01
[2026-04-19T12:20:58] OVEN_IN slot=9 item="Veggie" order=ORD-0B01E763
[2026-04-19T12:21:17] OVEN_OUT slot=46 item="Custom Pizza" order=ORD-0D231F01
[2026-04-19T12:21:20] OVEN_IN slot=21 item="Cheese" order=ORD-0B01E763
[2026-04-19T12:21:41Z] OVEN_OUT slot=7 item="Chz" order=ORD-E60F3143
[2026-04-19T12:22:06Z] OVEN_IN slot=35 item="Veg" order=ORD-0B01E763
[2026-04-19T12:22:06] OVEN_OUT slot=50 item="Custom Pizza" order=ORD-E60F3143
[2026-04-19T12:22:48Z] OVEN_OUT slot=35 item="ML" order=ORD-E60F3143
[2026-04-19T12:22:57Z] OVEN_IN slot=4 item="Supr" order=ORD-0B01E763
[2026-04-19T12:23:15Z] OVEN_OUT slot=3 item="Pepperoni" order=ORD-E60F3143
[2026-04-19T12:23:25] OVEN_IN slot=36 item="Pepperoni" order=ORD-76102D16
[2026-04-19T12:23:43Z] OVEN_OUT slot=43 item="Custom Pizza" order=ORD-A96F2119
[2026-04-19T12:23:49Z] OVEN_IN slot=20 item="Cheese" order=ORD-C090AC6C
[2026-04-19T12:24:07] OVEN_OUT slot=4 item="Cheese" order=ORD-A96F2119
[2026-04-19T12:24:31] OVEN_IN slot=9 item="ML" order=ORD-720C708A
[2026-04-19T12:24:55] OVEN_OUT slot=10 item="Custom Pizza" order=ORD-A96F2119
[2026-04-19T12:25:04] OVEN_IN slot=2 item="Cust" order=ORD-549FF41D
[2026-04-19T12:25:35Z] OVEN_IN slot=21 item="Pepperoni" order=ORD-549FF41D
[2026-04-19T12:25:35Z] OVEN_OUT slot=16 item="Custom Pizza" order=ORD-A96F2119
[2026-04-19T12:26:02Z] OVEN_OUT slot=10 item="Sausage" order=ORD-A28C9852
[2026-04-19T12:26:17] OVEN_IN slot=24 item="Veg" order=ORD-549FF41D
[2026-04-19T12:26:27] OVEN_OUT slot=42 item="Sausage" order=ORD-A28C9852
[2026-04-19T12:26:44] OVEN_IN slot=13 item="Sausage" order=ORD-549FF41D
[2026-04-19T12:26:56Z] OVEN_OUT slot=3 item="Pepperoni" order=ORD-A28C9852
[2026-04-19T12:27:37] OVEN_IN slot=29 item="Custom Pizza" order=ORD-549FF41D
[2026-04-19T12:27:46Z] OVEN_OUT slot=38 item="Supreme" order=ORD-0B01E763
[2026-04-19T12:28:16Z] OVEN_OUT slot=18 item="Sausage" order=ORD-0B01E763
[2026-04-19T12:28:25Z] OVEN_IN slot=6 item="Supreme" order=ORD-549FF41D
[2026-04-19T12:28:54] OVEN_IN slot=18 item="Sausage" order=ORD-A1D46A11
[2026-04-19T12:29:00Z] OVEN_OUT slot=40 item="Veggie" order=ORD-0B01E763
[2026-04-19T12:29:19] OVEN_IN slot=6 item="Cheese" order=ORD-A1D46A11
[2026-04-19T12:29:22Z] OVEN_OUT slot=29 item="Cheese" order=ORD-0B01E763
[2026-04-19T12:30:00] OVEN_IN slot=34 item="Veggie" order=ORD-A1D46A11
[2026-04-19T12:30:06] OVEN_OUT slot=5 item="Veggie" order=ORD-0B01E763
[2026-04-19T12:30:55] OVEN_IN slot=45 item="Cust" order=ORD-A1D46A11
[2026-04-19T12:30:58] OVEN_OUT slot=24 item="Supr" order=ORD-0B01E763
[2026-04-19T12:31:27Z] OVEN_OUT slot=29 item="Pepperoni" order=ORD-76102D16
[2026-04-19T12:31:33] OVEN_IN slot=13 item="ML" order=ORD-ACA72DB9
[2026-04-19T12:31:52Z] OVEN_OUT slot=16 item="Chz" order=ORD-C090AC6C
[2026-04-19T12:32:01Z] OVEN_IN slot=44 item="Ssg" order=ORD-ACA72DB9
[2026-04-19T12:32:27] OVEN_IN slot=32 item="Chz" order=ORD-ACA72DB9
[2026-04-19T12:32:33] OVEN_OUT slot=7 item="Meat Lovers" order=ORD-720C708A
[2026-04-19T12:33:07Z] OVEN_OUT slot=4 item="Custom Pizza" order=ORD-549FF41D
[2026-04-19T12:33:16Z] OVEN_IN slot=11 item="Supreme" order=ORD-ACA72DB9
[2026-04-19T12:33:37Z] OVEN_OUT slot=45 item="Pepperoni" order=ORD-549FF41D
[2026-04-19T12:34:08Z] OVEN_IN slot=42 item="Supreme" order=ORD-ACA72DB9
[2026-04-19T12:34:19] OVEN_OUT slot=5 item="Veggie" order=ORD-549FF41D
[2026-04-19T12:34:36Z] OVEN_IN slot=19 item="Pepperoni" order=ORD-50566DF8
[2026-04-19T12:34:45Z] OVEN_OUT slot=40 item="Sausage" order=ORD-549FF41D
[2026-04-19T12:35:04Z] OVEN_IN slot=31 item="Pepperoni" order=ORD-4FC65825
[2026-04-19T12:35:37Z] OVEN_OUT slot=6 item="Cust" order=ORD-549FF41D
[2026-04-19T12:35:53] OVEN_IN slot=12 item="Custom Pizza" order=ORD-55CF3AC3
[2026-04-19T12:36:22Z] OVEN_IN slot=37 item="Pepperoni" order=ORD-0B884640
[2026-04-19T12:36:25Z] OVEN_OUT slot=24 item="Supreme" order=ORD-549FF41D
[2026-04-19T12:36:47Z] OVEN_IN slot=34 item="Cheese" order=ORD-0B884640
[2026-04-19T12:36:58] OVEN_OUT slot=2 item="Ssg" order=ORD-A1D46A11
[2026-04-19T12:37:13Z] OVEN_IN slot=44 item="Custom Pizza" order=ORD-0B884640
[2026-04-19T12:37:20Z] OVEN_OUT slot=33 item="Cheese" order=ORD-A1D46A11
[2026-04-19T12:38:02Z] OVEN_OUT slot=39 item="Veggie" order=ORD-A1D46A11
[2026-04-19T12:38:05] OVEN_IN slot=29 item="Supr" order=ORD-0B884640
[2026-04-19T12:38:35Z] OVEN_IN slot=39 item="Pepperoni" order=ORD-971FC90E
[2026-04-19T12:38:56Z] OVEN_OUT slot=4 item="Custom Pizza" order=ORD-A1D46A11
[2026-04-19T12:39:18Z] OVEN_IN slot=30 item="Veggie" order=ORD-9C95BC4D
[2026-04-19T12:39:35Z] OVEN_OUT slot=4 item="Meat Lovers" order=ORD-ACA72DB9
[2026-04-19T12:40:02Z] OVEN_IN slot=42 item="Veggie" order=ORD-9C95BC4D
[2026-04-19T12:40:02Z] OVEN_OUT slot=12 item="Sausage" order=ORD-ACA72DB9
[2026-04-19T12:40:27Z] OVEN_OUT slot=1 item="Cheese" order=ORD-ACA72DB9
[2026-04-19T12:40:56] OVEN_IN slot=38 item="Supreme" order=ORD-CDE1C817
[2026-04-19T12:41:17] OVEN_IN slot=15 item="Cust" order=ORD-CDE1C817
[2026-04-19T12:41:17] OVEN_OUT slot=24 item="Supreme" order=ORD-ACA72DB9
[2026-04-19T12:41:58Z] OVEN_IN slot=17 item="Meat Lovers" order=ORD-CDE1C817
[2026-04-19T12:42:11Z] OVEN_OUT slot=28 item="Supreme" order=ORD-ACA72DB9
[2026-04-19T12:42:38] OVEN_IN slot=37 item="Meat Lovers" order=ORD-FF029B43
[2026-04-19T12:42:38Z] OVEN_OUT slot=44 item="Pepperoni" order=ORD-50566DF8
[2026-04-19T12:43:04] OVEN_IN slot=21 item="Pepperoni" order=ORD-FF029B43
[2026-04-19T12:43:04Z] OVEN_OUT █▓░░ERROR░▒░▓
[2026-04-19T12:43:48] OVEN_IN slot=18 item="Veg" order=ORD-FF029B43
[2026-04-19T12:43:55Z] OVEN_OUT slot=14 item="Cust" order=ORD-55CF3AC3
[2026-04-19T12:44:18Z] OVEN_IN slot=32 item="Pep" order=ORD-F383C7C9
[2026-04-19T12:44:24] OVEN_OUT slot=25 item="Pepperoni" order=ORD-0B884640
[2026-04-19T12:44:45Z] OVEN_IN slot=41 item="Pepperoni" order=ORD-F383C7C9
[2026-04-19T12:44:48Z] OVEN_OUT █▒█░ERROR▓▓▓░
[2026-04-19T12:45:16Z] OVEN_OUT slot=2 item="Custom Pizza" order=ORD-0B884640
[2026-04-19T12:45:34Z] OVEN_IN slot=40 item="Custom Pizza" order=ORD-F383C7C9
[2026-04-19T12:46:02Z] OVEN_IN slot=14 item="Custom Pizza" order=ORD-F383C7C9
[2026-04-19T12:46:08] OVEN_OUT slot=20 item="Supreme" order=ORD-0B884640
[2026-04-19T12:46:36] OVEN_OUT slot=29 item="Pepperoni" order=ORD-971FC90E
[2026-04-19T12:46:45] OVEN_IN slot=44 item="Veggie" order=ORD-C83A87C1
[2026-04-19T12:47:20] OVEN_OUT slot=46 item="Veggie" order=ORD-9C95BC4D
[2026-04-19T12:47:26] OVEN_IN slot=13 item="Meat Lovers" order=ORD-C83A87C1
[2026-04-19T12:48:04Z] OVEN_OUT slot=35 item="Veggie" order=ORD-9C95BC4D
[2026-04-19T12:48:16Z] OVEN_IN slot=48 item="Supreme" order=ORD-C83A87C1
[2026-04-19T12:48:46Z] OVEN_IN slot=22 item="Sausage" order=ORD-C83A87C1
[2026-04-19T12:48:58Z] OVEN_OUT slot=41 item="Supreme" order=ORD-CDE1C817
[2026-04-19T12:49:10] OVEN_IN slot=23 item="Cheese" order=ORD-C83A87C1
[2026-04-19T12:49:19Z] OVEN_OUT slot=13 item="Custom Pizza" order=ORD-CDE1C817
[2026-04-19T12:49:41] OVEN_IN slot=7 item="Custom Pizza" order=ORD-6D82D882
[2026-04-19T12:49:59] OVEN_OUT slot=35 item="ML" order=ORD-CDE1C817
[2026-04-19T12:50:20Z] OVEN_IN slot=8 item="Meat Lovers" order=ORD-6D82D882
[2026-04-19T12:50:39Z] OVEN_OUT slot=12 item="Meat Lovers" order=ORD-FF029B43
[2026-04-19T12:50:54Z] OVEN_IN slot=16 item="Custom Pizza" order=ORD-6D82D882
[2026-04-19T12:51:06] OVEN_OUT slot=46 item="Pepperoni" order=ORD-FF029B43
[2026-04-19T12:51:38] OVEN_IN slot=16 item="Veggie" order=ORD-6D82D882
[2026-04-19T12:51:51Z] OVEN_OUT slot=15 item="Veggie" order=ORD-FF029B43
[2026-04-19T12:52:19] OVEN_OUT slot=43 item="Pepperoni" order=ORD-F383C7C9
[2026-04-19T12:52:22Z] OVEN_IN slot=29 item="Custom Pizza" order=ORD-6D82D882
[2026-04-19T12:52:45] OVEN_IN slot=14 item="Cheese" order=ORD-6D82D882
[2026-04-19T12:52:48Z] OVEN_OUT slot=33 item="Pepperoni" order=ORD-F383C7C9
[2026-04-19T12:53:14Z] OVEN_IN slot=37 item="Sausage" order=ORD-7EA2BD67
[2026-04-19T12:53:35] OVEN_OUT slot=5 item="Custom Pizza" order=ORD-F383C7C9
[2026-04-19T12:53:54Z] OVEN_IN slot=46 item="Custom Pizza" order=ORD-7EA2BD67
[2026-04-19T12:54:03Z] OVEN_OUT slot=16 item="Custom Pizza" order=ORD-F383C7C9
[2026-04-19T12:54:29Z] OVEN_IN slot=35 item="Custom Pizza" order=ORD-7EA2BD67
[2026-04-19T12:54:48] OVEN_OUT slot=18 item="Veggie" order=ORD-C83A87C1
[2026-04-19T12:55:00Z] OVEN_IN slot=3 item="Custom Pizza" order=ORD-7EA2BD67
[2026-04-19T12:55:28Z] OVEN_OUT slot=23 item="Meat Lovers" order=ORD-C83A87C1
[2026-04-19T12:55:52Z] OVEN_IN slot=51 item="Supr" order=ORD-7EA2BD67
[2026-04-19T12:56:17Z] OVEN_OUT slot=34 item="Supreme" order=ORD-C83A87C1
[2026-04-19T12:56:30] OVEN_IN slot=16 item="Custom Pizza" order=ORD-7EA2BD67
[2026-04-19T12:56:48Z] OVEN_OUT slot=38 item="Sausage" order=ORD-C83A87C1
[2026-04-19T12:57:11Z] OVEN_IN slot=38 item="Meat Lovers" order=ORD-EFDFFEBD
[2026-04-19T12:57:11Z] OVEN_OUT slot=32 item="Cheese" order=ORD-C83A87C1
[2026-04-19T12:57:37] OVEN_IN slot=28 item="Sausage" order=ORD-EFDFFEBD
[2026-04-19T12:57:43] OVEN_OUT slot=20 item="Cust" order=ORD-6D82D882
[2026-04-19T12:58:21Z] OVEN_OUT slot=17 item="ML" order=ORD-6D82D882
[2026-04-19T12:58:29] OVEN_IN slot=18 item="Supreme" order=ORD-EFDFFEBD
[2026-04-19T12:58:57Z] OVEN_OUT slot=9 item="Custom Pizza" order=ORD-6D82D882
[2026-04-19T12:59:09] OVEN_IN slot=48 item="Meat Lovers" order=ORD-EFDFFEBD
[2026-04-19T12:59:34Z] OVEN_IN slot=26 item="Cheese" order=ORD-EFDFFEBD
[2026-04-19T12:59:40Z] OVEN_OUT slot=22 item="Veggie" order=ORD-6D82D882
[2026-04-19T12:59:58] OVEN_IN ░█░░ERROR▓▓▓█
[2026-04-19T13:00:22Z] OVEN_IN slot=26 item="Chz" order=ORD-3CF43DAA
[2026-04-19T13:00:22Z] OVEN_OUT slot=2 item="Custom Pizza" order=ORD-6D82D882
[2026-04-19T13:00:47] OVEN_OUT slot=37 item="Cheese" order=ORD-6D82D882
[2026-04-19T13:01:12Z] OVEN_IN slot=1 item="Custom Pizza" order=ORD-3CF43DAA
[2026-04-19T13:01:15Z] OVEN_OUT slot=48 item="Ssg" order=ORD-7EA2BD67
[2026-04-19T13:01:49Z] OVEN_IN slot=3 item="Cust" order=ORD-3CF43DAA
[2026-04-19T13:01:55] OVEN_OUT slot=40 item="Cust" order=ORD-7EA2BD67
